{"level":"INFO","time":"2023-07-31T00:47:21.021+0800","caller":"logger/logger.go:83","msg":"/hello","status":200,"method":"GET","path":"/hello","query":"","ip":"::1","user-agent":"PostmanRuntime/7.32.3","errors":"","cost":0}
{"level":"INFO","time":"2023-07-31T00:47:31.610+0800","caller":"logger/logger.go:83","msg":"/hello","status":200,"method":"GET","path":"/hello","query":"","ip":"::1","user-agent":"PostmanRuntime/7.32.3","errors":"","cost":0}
{"level":"INFO","time":"2023-07-31T00:47:47.095+0800","caller":"logger/logger.go:83","msg":"/hello","status":200,"method":"GET","path":"/hello","query":"","ip":"::1","user-agent":"PostmanRuntime/7.32.3","errors":"","cost":0}
{"level":"INFO","time":"2023-07-31T00:47:56.042+0800","caller":"logger/logger.go:83","msg":"/hello","status":200,"method":"GET","path":"/hello","query":"","ip":"::1","user-agent":"PostmanRuntime/7.32.3","errors":"","cost":0}
{"level":"INFO","time":"2023-07-31T00:48:10.075+0800","caller":"logger/logger.go:83","msg":"/hello","status":200,"method":"GET","path":"/hello","query":"","ip":"::1","user-agent":"PostmanRuntime/7.32.3","errors":"","cost":0}
{"level":"DEBUG","time":"2023-07-31T01:01:58.927+0800","caller":"hand/handler.go:10","msg":"正在调用login路由"}
{"level":"INFO","time":"2023-07-31T01:01:58.951+0800","caller":"logger/logger.go:83","msg":"/hello","status":200,"method":"GET","path":"/hello","query":"","ip":"::1","user-agent":"PostmanRuntime/7.32.3","errors":"","cost":0.0240936}
{"level":"DEBUG","time":"2023-07-31T01:02:44.040+0800","caller":"hand/handler.go:10","msg":"正在调用login路由"}
{"level":"INFO","time":"2023-07-31T01:02:44.045+0800","caller":"logger/logger.go:83","msg":"/hello","status":200,"method":"GET","path":"/hello","query":"","ip":"::1","user-agent":"PostmanRuntime/7.32.3","errors":"","cost":0.0050046}
{"level":"DEBUG","time":"2023-07-31T01:04:38.953+0800","caller":"hand/handler.go:10","msg":"正在调用login路由"}
{"level":"INFO","time":"2023-07-31T01:04:38.954+0800","caller":"logger/logger.go:83","msg":"/hello","status":200,"method":"GET","path":"/hello","query":"","ip":"::1","user-agent":"PostmanRuntime/7.32.3","errors":"","cost":0.0008143}
{"level":"DEBUG","time":"2023-07-31T01:12:14.108+0800","caller":"Log_Conf/main.go:23","msg":"成功"}
{"level":"DEBUG","time":"2023-07-31T01:12:24.013+0800","caller":"hand/handler.go:10","msg":"正在调用login路由"}
{"level":"INFO","time":"2023-07-31T01:12:24.013+0800","caller":"logger/logger.go:83","msg":"/login","status":200,"method":"GET","path":"/login","query":"","ip":"::1","user-agent":"PostmanRuntime/7.32.3","errors":"","cost":0.0003453}
{"level":"DEBUG","time":"2023-07-31T01:12:46.360+0800","caller":"hand/handler.go:10","msg":"正在调用login路由"}
{"level":"INFO","time":"2023-07-31T01:12:46.361+0800","caller":"logger/logger.go:83","msg":"/login","status":200,"method":"GET","path":"/login","query":"","ip":"::1","user-agent":"PostmanRuntime/7.32.3","errors":"","cost":0.0004362}
{"level":"DEBUG","time":"2023-07-31T01:12:52.900+0800","caller":"hand/handler.go:10","msg":"正在调用login路由"}
{"level":"INFO","time":"2023-07-31T01:12:52.901+0800","caller":"logger/logger.go:83","msg":"/login","status":200,"method":"GET","path":"/login","query":"","ip":"::1","user-agent":"PostmanRuntime/7.32.3","errors":"","cost":0}
{"level":"DEBUG","time":"2023-07-31T01:13:14.498+0800","caller":"hand/handler.go:10","msg":"正在调用login路由"}
{"level":"INFO","time":"2023-07-31T01:13:14.499+0800","caller":"logger/logger.go:83","msg":"/login","status":200,"method":"GET","path":"/login","query":"","ip":"::1","user-agent":"PostmanRuntime/7.32.3","errors":"","cost":0.0010003}
{"level":"DEBUG","time":"2023-07-31T01:13:23.778+0800","caller":"hand/handler.go:10","msg":"正在调用login路由"}
{"level":"INFO","time":"2023-07-31T01:13:23.779+0800","caller":"logger/logger.go:83","msg":"/login","status":200,"method":"GET","path":"/login","query":"","ip":"::1","user-agent":"PostmanRuntime/7.32.3","errors":"","cost":0}
{"level":"DEBUG","time":"2023-07-31T01:13:27.420+0800","caller":"hand/handler.go:10","msg":"正在调用login路由"}
{"level":"INFO","time":"2023-07-31T01:13:27.421+0800","caller":"logger/logger.go:83","msg":"/login","status":200,"method":"GET","path":"/login","query":"","ip":"::1","user-agent":"PostmanRuntime/7.32.3","errors":"","cost":0.0005594}
{"level":"DEBUG","time":"2023-07-31T01:25:37.586+0800","caller":"Log_Conf/main.go:24","msg":"初始化日志成功！"}
{"level":"DEBUG","time":"2023-07-31T01:25:59.890+0800","caller":"hand/handler.go:10","msg":"正在调用login路由"}
{"level":"INFO","time":"2023-07-31T01:25:59.891+0800","caller":"logger/logger.go:82","msg":"/login","status":200,"method":"GET","path":"/login","query":"","ip":"::1","user-agent":"PostmanRuntime/7.32.3","errors":"","cost":0.0010176}
{"level":"DEBUG","time":"2023-07-31T01:26:46.360+0800","caller":"hand/handler.go:10","msg":"正在调用login路由"}
{"level":"INFO","time":"2023-07-31T01:26:46.367+0800","caller":"logger/logger.go:82","msg":"/login","status":200,"method":"GET","path":"/login","query":"","ip":"::1","user-agent":"PostmanRuntime/7.32.3","errors":"","cost":0.0064593}
{"level":"DEBUG","time":"2023-07-31T01:29:43.653+0800","caller":"Log_Conf/main.go:24","msg":"初始化日志成功！"}
{"level":"DEBUG","time":"2023-07-31T01:29:50.594+0800","caller":"hand/handler.go:10","msg":"正在调用login路由"}
{"level":"INFO","time":"2023-07-31T01:29:50.595+0800","caller":"logger/logger.go:85","msg":"/login","status":200,"method":"GET","path":"/login","query":"","ip":"::1","user-agent":"PostmanRuntime/7.32.3","errors":"","cost":0.0003824}
{"level":"DEBUG","time":"2023-07-31T01:30:40.432+0800","caller":"hand/handler.go:10","msg":"正在调用login路由"}
{"level":"INFO","time":"2023-07-31T01:30:40.432+0800","caller":"logger/logger.go:85","msg":"/login","status":200,"method":"GET","path":"/login","query":"","ip":"::1","user-agent":"PostmanRuntime/7.32.3","errors":"","cost":0}
{"level":"DEBUG","time":"2023-07-31T01:32:21.816+0800","caller":"Log_Conf/main.go:24","msg":"初始化日志成功！"}
{"level":"DEBUG","time":"2023-07-31T01:32:26.838+0800","caller":"hand/handler.go:10","msg":"正在调用login路由"}
{"level":"INFO","time":"2023-07-31T01:32:26.838+0800","caller":"logger/logger.go:86","msg":"/login","status":200,"method":"GET","path":"/login","query":"","ip":"::1","user-agent":"PostmanRuntime/7.32.3","errors":"","cost":0.0005916}
{"level":"INFO","time":"2023-07-31T01:38:46.210+0800","caller":"Log_Conf/main.go:25","msg":"初始化日志成功！"}
{"level":"INFO","time":"2023-07-31T10:08:31.413+0800","caller":"Log_Conf/main.go:30","msg":"初始化日志成功！"}
{"level":"INFO","time":"2023-07-31T10:08:31.429+0800","caller":"Log_Conf/main.go:31","msg":"develop"}
{"level":"DEBUG","time":"2023-07-31T10:10:31.467+0800","caller":"hand/handler.go:10","msg":"正在调用login路由"}
{"level":"INFO","time":"2023-07-31T10:10:31.467+0800","caller":"logger/logger.go:86","msg":"/login","status":200,"method":"GET","path":"/login","query":"","ip":"::1","user-agent":"PostmanRuntime/7.32.3","errors":"","cost":0}
{"level":"DEBUG","time":"2023-07-31T10:10:51.426+0800","caller":"hand/handler.go:10","msg":"正在调用login路由"}
{"level":"INFO","time":"2023-07-31T10:10:51.427+0800","caller":"logger/logger.go:86","msg":"/login","status":200,"method":"GET","path":"/login","query":"","ip":"::1","user-agent":"PostmanRuntime/7.32.3","errors":"","cost":0.0006661}
{"level":"INFO","time":"2023-07-31T10:14:56.263+0800","caller":"Log_Conf/main.go:30","msg":"初始化日志成功！"}
{"level":"INFO","time":"2023-07-31T10:14:56.279+0800","caller":"Log_Conf/main.go:31","msg":"develop11"}
{"level":"DEBUG","time":"2023-07-31T10:15:05.530+0800","caller":"hand/handler.go:11","msg":"在login_handler函数中，正在调用login路由"}
{"level":"INFO","time":"2023-07-31T10:15:05.530+0800","caller":"hand/handler.go:12","msg":"develop11"}
{"level":"INFO","time":"2023-07-31T10:15:05.530+0800","caller":"logger/logger.go:86","msg":"/login","status":200,"method":"GET","path":"/login","query":"","ip":"::1","user-agent":"PostmanRuntime/7.32.3","errors":"","cost":0}
{"level":"DEBUG","time":"2023-07-31T10:15:18.889+0800","caller":"hand/handler.go:11","msg":"在login_handler函数中，正在调用login路由"}
{"level":"INFO","time":"2023-07-31T10:15:18.890+0800","caller":"hand/handler.go:12","msg":"develop11"}
{"level":"INFO","time":"2023-07-31T10:15:18.890+0800","caller":"logger/logger.go:86","msg":"/login","status":200,"method":"GET","path":"/login","query":"","ip":"::1","user-agent":"PostmanRuntime/7.32.3","errors":"","cost":0.0010127}
{"level":"DEBUG","time":"2023-07-31T10:15:31.457+0800","caller":"hand/handler.go:11","msg":"在login_handler函数中，正在调用login路由"}
{"level":"INFO","time":"2023-07-31T10:15:31.457+0800","caller":"hand/handler.go:12","msg":"develop"}
{"level":"INFO","time":"2023-07-31T10:15:31.457+0800","caller":"logger/logger.go:86","msg":"/login","status":200,"method":"GET","path":"/login","query":"","ip":"::1","user-agent":"PostmanRuntime/7.32.3","errors":"","cost":0}
{"level":"DEBUG","time":"2023-07-31T10:15:42.190+0800","caller":"hand/handler.go:11","msg":"在login_handler函数中，正在调用login路由"}
{"level":"INFO","time":"2023-07-31T10:15:42.191+0800","caller":"hand/handler.go:12","msg":"develop"}
{"level":"INFO","time":"2023-07-31T10:15:42.191+0800","caller":"logger/logger.go:86","msg":"/login","status":200,"method":"GET","path":"/login","query":"","ip":"::1","user-agent":"PostmanRuntime/7.32.3","errors":"","cost":0.0003132}
{"level":"INFO","time":"2023-07-31T10:31:49.432+0800","caller":"Log_Conf/main.go:30","msg":"初始化日志成功！"}
{"level":"INFO","time":"2023-07-31T10:31:49.448+0800","caller":"Log_Conf/main.go:31","msg":"develop"}
{"level":"DEBUG","time":"2023-07-31T10:31:54.964+0800","caller":"hand/handler.go:11","msg":"在login_handler函数中，正在调用login路由"}
{"level":"INFO","time":"2023-07-31T10:31:54.964+0800","caller":"hand/handler.go:12","msg":"develop"}
{"level":"INFO","time":"2023-07-31T10:31:54.965+0800","caller":"logger/logger.go:86","msg":"/login","status":200,"method":"GET","path":"/login","query":"","ip":"::1","user-agent":"PostmanRuntime/7.32.3","errors":"","cost":0.000572}
{"level":"DEBUG","time":"2023-07-31T10:32:00.999+0800","caller":"hand/handler.go:11","msg":"在login_handler函数中，正在调用login路由"}
{"level":"INFO","time":"2023-07-31T10:32:01.000+0800","caller":"hand/handler.go:12","msg":"develop"}
{"level":"INFO","time":"2023-07-31T10:32:01.000+0800","caller":"logger/logger.go:86","msg":"/login","status":200,"method":"GET","path":"/login","query":"","ip":"::1","user-agent":"PostmanRuntime/7.32.3","errors":"","cost":0.0006103}
{"level":"DEBUG","time":"2023-07-31T10:32:17.865+0800","caller":"hand/handler.go:11","msg":"在login_handler函数中，正在调用login路由"}
{"level":"INFO","time":"2023-07-31T10:32:17.865+0800","caller":"hand/handler.go:12","msg":"develop11"}
{"level":"INFO","time":"2023-07-31T10:32:17.865+0800","caller":"logger/logger.go:86","msg":"/login","status":200,"method":"GET","path":"/login","query":"","ip":"::1","user-agent":"PostmanRuntime/7.32.3","errors":"","cost":0.0005581}
{"level":"INFO","time":"2023-07-31T10:47:51.028+0800","caller":"Log_Conf/main.go:30","msg":"初始化日志成功！"}
{"level":"INFO","time":"2023-07-31T10:47:51.044+0800","caller":"Log_Conf/main.go:31","msg":"develop11"}
{"level":"DEBUG","time":"2023-07-31T10:47:55.170+0800","caller":"hand/handler.go:11","msg":"在login_handler函数中，正在调用login路由"}
{"level":"INFO","time":"2023-07-31T10:47:55.170+0800","caller":"hand/handler.go:12","msg":"develop11"}
{"level":"INFO","time":"2023-07-31T10:47:55.170+0800","caller":"logger/logger.go:86","msg":"/login","status":200,"method":"GET","path":"/login","query":"","ip":"::1","user-agent":"PostmanRuntime/7.32.3","errors":"","cost":0}
{"level":"DEBUG","time":"2023-07-31T10:47:56.216+0800","caller":"hand/handler.go:11","msg":"在login_handler函数中，正在调用login路由"}
{"level":"INFO","time":"2023-07-31T10:47:56.216+0800","caller":"hand/handler.go:12","msg":"develop11"}
{"level":"INFO","time":"2023-07-31T10:47:56.216+0800","caller":"logger/logger.go:86","msg":"/login","status":200,"method":"GET","path":"/login","query":"","ip":"::1","user-agent":"PostmanRuntime/7.32.3","errors":"","cost":0}
{"level":"DEBUG","time":"2023-07-31T10:48:17.166+0800","caller":"hand/handler.go:11","msg":"在login_handler函数中，正在调用login路由"}
{"level":"INFO","time":"2023-07-31T10:48:17.166+0800","caller":"hand/handler.go:12","msg":"develop"}
{"level":"INFO","time":"2023-07-31T10:48:17.167+0800","caller":"logger/logger.go:86","msg":"/login","status":200,"method":"GET","path":"/login","query":"","ip":"::1","user-agent":"PostmanRuntime/7.32.3","errors":"","cost":0.0007002}
{"level":"DEBUG","time":"2023-07-31T10:48:18.200+0800","caller":"hand/handler.go:11","msg":"在login_handler函数中，正在调用login路由"}
{"level":"INFO","time":"2023-07-31T10:48:18.200+0800","caller":"hand/handler.go:12","msg":"develop"}
{"level":"INFO","time":"2023-07-31T10:48:18.200+0800","caller":"logger/logger.go:86","msg":"/login","status":200,"method":"GET","path":"/login","query":"","ip":"::1","user-agent":"PostmanRuntime/7.32.3","errors":"","cost":0.0001088}
{"level":"INFO","time":"2023-07-31T11:05:08.024+0800","caller":"Log_Conf/main.go:30","msg":"初始化日志成功！"}
{"level":"INFO","time":"2023-07-31T11:05:08.041+0800","caller":"Log_Conf/main.go:31","msg":"develop"}
{"level":"DEBUG","time":"2023-07-31T11:05:18.823+0800","caller":"hand/handler.go:11","msg":"在login_handler函数中，正在调用login路由"}
{"level":"INFO","time":"2023-07-31T11:05:18.823+0800","caller":"hand/handler.go:12","msg":"develop"}
{"level":"INFO","time":"2023-07-31T11:05:18.823+0800","caller":"logger/logger.go:86","msg":"/login","status":200,"method":"GET","path":"/login","query":"","ip":"::1","user-agent":"PostmanRuntime/7.32.3","errors":"","cost":0.0002335}
{"level":"DEBUG","time":"2023-07-31T11:05:20.336+0800","caller":"hand/handler.go:11","msg":"在login_handler函数中，正在调用login路由"}
{"level":"INFO","time":"2023-07-31T11:05:20.336+0800","caller":"hand/handler.go:12","msg":"develop"}
{"level":"INFO","time":"2023-07-31T11:05:20.337+0800","caller":"logger/logger.go:86","msg":"/login","status":200,"method":"GET","path":"/login","query":"","ip":"::1","user-agent":"PostmanRuntime/7.32.3","errors":"","cost":0.0012399}
{"level":"DEBUG","time":"2023-07-31T11:05:29.063+0800","caller":"hand/handler.go:11","msg":"在login_handler函数中，正在调用login路由"}
{"level":"INFO","time":"2023-07-31T11:05:29.064+0800","caller":"hand/handler.go:12","msg":"develop1"}
{"level":"INFO","time":"2023-07-31T11:05:29.064+0800","caller":"logger/logger.go:86","msg":"/login","status":200,"method":"GET","path":"/login","query":"","ip":"::1","user-agent":"PostmanRuntime/7.32.3","errors":"","cost":0.0008679}
{"level":"DEBUG","time":"2023-07-31T11:05:30.263+0800","caller":"hand/handler.go:11","msg":"在login_handler函数中，正在调用login路由"}
{"level":"INFO","time":"2023-07-31T11:05:30.263+0800","caller":"hand/handler.go:12","msg":"develop1"}
{"level":"INFO","time":"2023-07-31T11:05:30.263+0800","caller":"logger/logger.go:86","msg":"/login","status":200,"method":"GET","path":"/login","query":"","ip":"::1","user-agent":"PostmanRuntime/7.32.3","errors":"","cost":0.0006218}
{"level":"INFO","time":"2023-07-31T11:09:06.355+0800","caller":"Log_Conf/main.go:30","msg":"初始化日志成功！"}
{"level":"INFO","time":"2023-07-31T11:09:06.372+0800","caller":"Log_Conf/main.go:31","msg":"develop1"}
{"level":"DEBUG","time":"2023-07-31T11:09:12.913+0800","caller":"hand/handler.go:11","msg":"在login_handler函数中，正在调用login路由"}
{"level":"INFO","time":"2023-07-31T11:09:12.913+0800","caller":"hand/handler.go:12","msg":"develop1"}
{"level":"INFO","time":"2023-07-31T11:09:12.914+0800","caller":"logger/logger.go:86","msg":"/login","status":200,"method":"GET","path":"/login","query":"","ip":"::1","user-agent":"PostmanRuntime/7.32.3","errors":"","cost":0}
{"level":"DEBUG","time":"2023-07-31T11:09:14.792+0800","caller":"hand/handler.go:11","msg":"在login_handler函数中，正在调用login路由"}
{"level":"INFO","time":"2023-07-31T11:09:14.792+0800","caller":"hand/handler.go:12","msg":"develop1"}
{"level":"INFO","time":"2023-07-31T11:09:14.792+0800","caller":"logger/logger.go:86","msg":"/login","status":200,"method":"GET","path":"/login","query":"","ip":"::1","user-agent":"PostmanRuntime/7.32.3","errors":"","cost":0.0007034}
{"level":"DEBUG","time":"2023-07-31T11:09:27.585+0800","caller":"hand/handler.go:11","msg":"在login_handler函数中，正在调用login路由"}
{"level":"INFO","time":"2023-07-31T11:09:27.585+0800","caller":"hand/handler.go:12","msg":"develop"}
{"level":"INFO","time":"2023-07-31T11:09:27.586+0800","caller":"logger/logger.go:86","msg":"/login","status":200,"method":"GET","path":"/login","query":"","ip":"::1","user-agent":"PostmanRuntime/7.32.3","errors":"","cost":0}
{"level":"DEBUG","time":"2023-07-31T11:09:28.698+0800","caller":"hand/handler.go:11","msg":"在login_handler函数中，正在调用login路由"}
{"level":"INFO","time":"2023-07-31T11:09:28.698+0800","caller":"hand/handler.go:12","msg":"develop"}
{"level":"INFO","time":"2023-07-31T11:09:28.698+0800","caller":"logger/logger.go:86","msg":"/login","status":200,"method":"GET","path":"/login","query":"","ip":"::1","user-agent":"PostmanRuntime/7.32.3","errors":"","cost":0.0002358}
{"level":"INFO","time":"2023-07-31T11:10:35.623+0800","caller":"Log_Conf/main.go:30","msg":"初始化日志成功！"}
{"level":"INFO","time":"2023-07-31T11:10:35.639+0800","caller":"Log_Conf/main.go:31","msg":"develop"}
{"level":"DEBUG","time":"2023-07-31T11:10:40.213+0800","caller":"hand/handler.go:11","msg":"在login_handler函数中，正在调用login路由"}
{"level":"INFO","time":"2023-07-31T11:10:40.213+0800","caller":"hand/handler.go:12","msg":"develop"}
{"level":"INFO","time":"2023-07-31T11:10:40.213+0800","caller":"logger/logger.go:86","msg":"/login","status":200,"method":"GET","path":"/login","query":"","ip":"::1","user-agent":"PostmanRuntime/7.32.3","errors":"","cost":0.0005565}
{"level":"DEBUG","time":"2023-07-31T11:10:41.557+0800","caller":"hand/handler.go:11","msg":"在login_handler函数中，正在调用login路由"}
{"level":"INFO","time":"2023-07-31T11:10:41.558+0800","caller":"hand/handler.go:12","msg":"develop"}
{"level":"INFO","time":"2023-07-31T11:10:41.558+0800","caller":"logger/logger.go:86","msg":"/login","status":200,"method":"GET","path":"/login","query":"","ip":"::1","user-agent":"PostmanRuntime/7.32.3","errors":"","cost":0.0003559}
{"level":"DEBUG","time":"2023-07-31T11:10:57.885+0800","caller":"hand/handler.go:11","msg":"在login_handler函数中，正在调用login路由"}
{"level":"INFO","time":"2023-07-31T11:10:57.885+0800","caller":"hand/handler.go:12","msg":"develop1"}
{"level":"INFO","time":"2023-07-31T11:10:57.885+0800","caller":"logger/logger.go:86","msg":"/login","status":200,"method":"GET","path":"/login","query":"","ip":"::1","user-agent":"PostmanRuntime/7.32.3","errors":"","cost":0.0002905}
{"level":"DEBUG","time":"2023-07-31T11:10:58.878+0800","caller":"hand/handler.go:11","msg":"在login_handler函数中，正在调用login路由"}
{"level":"INFO","time":"2023-07-31T11:10:58.879+0800","caller":"hand/handler.go:12","msg":"develop1"}
{"level":"INFO","time":"2023-07-31T11:10:58.879+0800","caller":"logger/logger.go:86","msg":"/login","status":200,"method":"GET","path":"/login","query":"","ip":"::1","user-agent":"PostmanRuntime/7.32.3","errors":"","cost":0.00015}
{"level":"INFO","time":"2023-07-31T11:12:49.824+0800","caller":"Log_Conf/main.go:30","msg":"初始化日志成功！"}
{"level":"INFO","time":"2023-07-31T11:12:49.847+0800","caller":"Log_Conf/main.go:31","msg":"develop1"}
{"level":"DEBUG","time":"2023-07-31T11:12:57.207+0800","caller":"hand/handler.go:11","msg":"在login_handler函数中，正在调用login路由"}
{"level":"INFO","time":"2023-07-31T11:12:57.207+0800","caller":"hand/handler.go:12","msg":"develop1"}
{"level":"INFO","time":"2023-07-31T11:12:57.207+0800","caller":"logger/logger.go:86","msg":"/login","status":200,"method":"GET","path":"/login","query":"","ip":"::1","user-agent":"PostmanRuntime/7.32.3","errors":"","cost":0.0001403}
{"level":"DEBUG","time":"2023-07-31T11:12:58.842+0800","caller":"hand/handler.go:11","msg":"在login_handler函数中，正在调用login路由"}
{"level":"INFO","time":"2023-07-31T11:12:58.843+0800","caller":"hand/handler.go:12","msg":"develop1"}
{"level":"INFO","time":"2023-07-31T11:12:58.843+0800","caller":"logger/logger.go:86","msg":"/login","status":200,"method":"GET","path":"/login","query":"","ip":"::1","user-agent":"PostmanRuntime/7.32.3","errors":"","cost":0.0006673}
{"level":"DEBUG","time":"2023-07-31T11:13:08.662+0800","caller":"hand/handler.go:11","msg":"在login_handler函数中，正在调用login路由"}
{"level":"INFO","time":"2023-07-31T11:13:08.662+0800","caller":"hand/handler.go:12","msg":"develop"}
{"level":"INFO","time":"2023-07-31T11:13:08.663+0800","caller":"logger/logger.go:86","msg":"/login","status":200,"method":"GET","path":"/login","query":"","ip":"::1","user-agent":"PostmanRuntime/7.32.3","errors":"","cost":0}
{"level":"DEBUG","time":"2023-07-31T11:13:09.860+0800","caller":"hand/handler.go:11","msg":"在login_handler函数中，正在调用login路由"}
{"level":"INFO","time":"2023-07-31T11:13:09.860+0800","caller":"hand/handler.go:12","msg":"develop"}
{"level":"INFO","time":"2023-07-31T11:13:09.861+0800","caller":"logger/logger.go:86","msg":"/login","status":200,"method":"GET","path":"/login","query":"","ip":"::1","user-agent":"PostmanRuntime/7.32.3","errors":"","cost":0.0003726}
{"level":"INFO","time":"2023-07-31T11:16:14.144+0800","caller":"Log_Conf/main.go:30","msg":"初始化日志成功！"}
{"level":"INFO","time":"2023-07-31T11:16:14.160+0800","caller":"Log_Conf/main.go:31","msg":"develop"}
{"level":"DEBUG","time":"2023-07-31T11:16:19.116+0800","caller":"hand/handler.go:11","msg":"在login_handler函数中，正在调用login路由"}
{"level":"INFO","time":"2023-07-31T11:16:19.117+0800","caller":"hand/handler.go:12","msg":"develop"}
{"level":"INFO","time":"2023-07-31T11:16:19.117+0800","caller":"logger/logger.go:86","msg":"/login","status":200,"method":"GET","path":"/login","query":"","ip":"::1","user-agent":"PostmanRuntime/7.32.3","errors":"","cost":0.0008007}
{"level":"DEBUG","time":"2023-07-31T11:16:20.540+0800","caller":"hand/handler.go:11","msg":"在login_handler函数中，正在调用login路由"}
{"level":"INFO","time":"2023-07-31T11:16:20.541+0800","caller":"hand/handler.go:12","msg":"develop"}
{"level":"INFO","time":"2023-07-31T11:16:20.541+0800","caller":"logger/logger.go:86","msg":"/login","status":200,"method":"GET","path":"/login","query":"","ip":"::1","user-agent":"PostmanRuntime/7.32.3","errors":"","cost":0.0012884}
{"level":"DEBUG","time":"2023-07-31T11:16:28.564+0800","caller":"hand/handler.go:11","msg":"在login_handler函数中，正在调用login路由"}
{"level":"INFO","time":"2023-07-31T11:16:28.565+0800","caller":"hand/handler.go:12","msg":"develop1"}
{"level":"INFO","time":"2023-07-31T11:16:28.565+0800","caller":"logger/logger.go:86","msg":"/login","status":200,"method":"GET","path":"/login","query":"","ip":"::1","user-agent":"PostmanRuntime/7.32.3","errors":"","cost":0.0009938}
{"level":"INFO","time":"2023-07-31T11:21:41.419+0800","caller":"Log_Conf/main.go:30","msg":"初始化日志成功！"}
{"level":"INFO","time":"2023-07-31T11:21:41.435+0800","caller":"Log_Conf/main.go:31","msg":"develop"}
{"level":"INFO","time":"2023-07-31T11:22:15.562+0800","caller":"Log_Conf/main.go:30","msg":"初始化日志成功！"}
{"level":"INFO","time":"2023-07-31T11:22:15.578+0800","caller":"Log_Conf/main.go:31","msg":"develop"}
{"level":"DEBUG","time":"2023-07-31T11:22:18.494+0800","caller":"hand/handler.go:11","msg":"在login_handler函数中，正在调用login路由"}
{"level":"INFO","time":"2023-07-31T11:22:18.494+0800","caller":"hand/handler.go:12","msg":"develop"}
{"level":"INFO","time":"2023-07-31T11:22:18.494+0800","caller":"logger/logger.go:86","msg":"/login","status":200,"method":"GET","path":"/login","query":"","ip":"::1","user-agent":"PostmanRuntime/7.32.3","errors":"","cost":0.0005881}
{"level":"DEBUG","time":"2023-07-31T11:22:33.364+0800","caller":"hand/handler.go:11","msg":"在login_handler函数中，正在调用login路由"}
{"level":"INFO","time":"2023-07-31T11:22:33.365+0800","caller":"hand/handler.go:12","msg":"develop1"}
{"level":"INFO","time":"2023-07-31T11:22:33.365+0800","caller":"logger/logger.go:86","msg":"/login","status":200,"method":"GET","path":"/login","query":"","ip":"::1","user-agent":"PostmanRuntime/7.32.3","errors":"","cost":0.000534}
{"level":"DEBUG","time":"2023-07-31T11:22:43.503+0800","caller":"hand/handler.go:11","msg":"在login_handler函数中，正在调用login路由"}
{"level":"INFO","time":"2023-07-31T11:22:43.504+0800","caller":"hand/handler.go:12","msg":"develop1"}
{"level":"INFO","time":"2023-07-31T11:22:43.504+0800","caller":"logger/logger.go:86","msg":"/login","status":200,"method":"GET","path":"/login","query":"","ip":"::1","user-agent":"PostmanRuntime/7.32.3","errors":"","cost":0.000976}
{"level":"INFO","time":"2023-07-31T11:31:07.951+0800","caller":"Log_Conf/main.go:30","msg":"初始化日志成功！"}
{"level":"INFO","time":"2023-07-31T11:31:07.969+0800","caller":"Log_Conf/main.go:31","msg":"develop1"}
{"level":"DEBUG","time":"2023-07-31T11:31:20.070+0800","caller":"hand/handler.go:11","msg":"在login_handler函数中，正在调用login路由"}
{"level":"INFO","time":"2023-07-31T11:31:20.070+0800","caller":"hand/handler.go:12","msg":"develop1"}
{"level":"INFO","time":"2023-07-31T11:31:20.070+0800","caller":"logger/logger.go:82","msg":"/login","status":200,"method":"GET","path":"/login","query":"","ip":"::1","user-agent":"PostmanRuntime/7.32.3","errors":"","cost":0.0003811}
{"level":"DEBUG","time":"2023-07-31T11:31:45.684+0800","caller":"hand/handler.go:11","msg":"在login_handler函数中，正在调用login路由"}
{"level":"INFO","time":"2023-07-31T11:31:45.684+0800","caller":"hand/handler.go:12","msg":"dev"}
{"level":"INFO","time":"2023-07-31T11:31:45.685+0800","caller":"logger/logger.go:82","msg":"/login","status":200,"method":"GET","path":"/login","query":"","ip":"::1","user-agent":"PostmanRuntime/7.32.3","errors":"","cost":0.0009047}
{"level":"DEBUG","time":"2023-07-31T11:31:48.383+0800","caller":"hand/handler.go:11","msg":"在login_handler函数中，正在调用login路由"}
{"level":"INFO","time":"2023-07-31T11:31:48.383+0800","caller":"hand/handler.go:12","msg":"dev"}
{"level":"INFO","time":"2023-07-31T11:31:48.384+0800","caller":"logger/logger.go:82","msg":"/login","status":200,"method":"GET","path":"/login","query":"","ip":"::1","user-agent":"PostmanRuntime/7.32.3","errors":"","cost":0.0007396}
{"level":"INFO","time":"2023-07-31T13:02:53.889+0800","caller":"Log_Conf/main.go:31","msg":"服务启动，开始记录日志"}
{"level":"INFO","time":"2023-07-31T13:02:53.910+0800","caller":"Log_Conf/main.go:32","msg":"dev"}
{"level":"DEBUG","time":"2023-07-31T13:02:58.993+0800","caller":"hand/handler.go:11","msg":"在login_handler函数中，正在调用login路由"}
{"level":"INFO","time":"2023-07-31T13:02:58.993+0800","caller":"hand/handler.go:12","msg":"dev"}
{"level":"INFO","time":"2023-07-31T13:02:58.994+0800","caller":"logger/logger.go:82","msg":"/login","status":200,"method":"GET","path":"/login","query":"","ip":"::1","user-agent":"PostmanRuntime/7.32.3","errors":"","cost":0.0005553}
{"level":"DEBUG","time":"2023-07-31T13:03:14.405+0800","caller":"hand/handler.go:11","msg":"在login_handler函数中，正在调用login路由"}
{"level":"INFO","time":"2023-07-31T13:03:14.406+0800","caller":"hand/handler.go:12","msg":"dev111"}
{"level":"INFO","time":"2023-07-31T13:03:14.406+0800","caller":"logger/logger.go:82","msg":"/login","status":200,"method":"GET","path":"/login","query":"","ip":"::1","user-agent":"PostmanRuntime/7.32.3","errors":"","cost":0.0008365}
{"level":"INFO","time":"2023-07-31T13:04:39.486+0800","caller":"Log_Conf/main.go:30","msg":"服务启动，开始记录日志"}
{"level":"INFO","time":"2023-07-31T13:04:39.504+0800","caller":"Log_Conf/main.go:31","msg":"dev111"}
{"level":"DEBUG","time":"2023-07-31T13:04:44.424+0800","caller":"hand/handler.go:11","msg":"在login_handler函数中，正在调用login路由"}
{"level":"INFO","time":"2023-07-31T13:04:44.424+0800","caller":"hand/handler.go:12","msg":"dev111"}
{"level":"INFO","time":"2023-07-31T13:04:44.424+0800","caller":"logger/logger.go:82","msg":"/login","status":200,"method":"GET","path":"/login","query":"","ip":"::1","user-agent":"PostmanRuntime/7.32.3","errors":"","cost":0.000314}
{"level":"DEBUG","time":"2023-07-31T13:04:58.218+0800","caller":"hand/handler.go:11","msg":"在login_handler函数中，正在调用login路由"}
{"level":"INFO","time":"2023-07-31T13:04:58.218+0800","caller":"hand/handler.go:12","msg":"dev"}
{"level":"INFO","time":"2023-07-31T13:04:58.219+0800","caller":"logger/logger.go:82","msg":"/login","status":200,"method":"GET","path":"/login","query":"","ip":"::1","user-agent":"PostmanRuntime/7.32.3","errors":"","cost":0.0006267}
{"level":"DEBUG","time":"2023-07-31T13:04:59.164+0800","caller":"hand/handler.go:11","msg":"在login_handler函数中，正在调用login路由"}
{"level":"INFO","time":"2023-07-31T13:04:59.164+0800","caller":"hand/handler.go:12","msg":"dev"}
{"level":"INFO","time":"2023-07-31T13:04:59.165+0800","caller":"logger/logger.go:82","msg":"/login","status":200,"method":"GET","path":"/login","query":"","ip":"::1","user-agent":"PostmanRuntime/7.32.3","errors":"","cost":0.0006774}
{"level":"INFO","time":"2023-07-31T13:13:53.171+0800","caller":"Log_Conf/main.go:30","msg":"服务启动，开始记录日志"}
{"level":"INFO","time":"2023-07-31T13:13:53.188+0800","caller":"Log_Conf/main.go:31","msg":"dev"}
{"level":"DEBUG","time":"2023-07-31T13:13:59.939+0800","caller":"hand/handler.go:11","msg":"在login_handler函数中，正在调用login路由"}
{"level":"INFO","time":"2023-07-31T13:13:59.939+0800","caller":"hand/handler.go:12","msg":"dev"}
{"level":"INFO","time":"2023-07-31T13:13:59.939+0800","caller":"logger/logger.go:82","msg":"/login","status":200,"method":"GET","path":"/login","query":"","ip":"::1","user-agent":"PostmanRuntime/7.32.3","errors":"","cost":0.0004837}
{"level":"DEBUG","time":"2023-07-31T13:14:00.865+0800","caller":"hand/handler.go:11","msg":"在login_handler函数中，正在调用login路由"}
{"level":"INFO","time":"2023-07-31T13:14:00.865+0800","caller":"hand/handler.go:12","msg":"dev"}
{"level":"INFO","time":"2023-07-31T13:14:00.865+0800","caller":"logger/logger.go:82","msg":"/login","status":200,"method":"GET","path":"/login","query":"","ip":"::1","user-agent":"PostmanRuntime/7.32.3","errors":"","cost":0.0004257}
{"level":"DEBUG","time":"2023-07-31T13:14:10.914+0800","caller":"hand/handler.go:11","msg":"在login_handler函数中，正在调用login路由"}
{"level":"INFO","time":"2023-07-31T13:14:10.915+0800","caller":"hand/handler.go:12","msg":"dev1"}
{"level":"INFO","time":"2023-07-31T13:14:10.915+0800","caller":"logger/logger.go:82","msg":"/login","status":200,"method":"GET","path":"/login","query":"","ip":"::1","user-agent":"PostmanRuntime/7.32.3","errors":"","cost":0.0005244}
{"level":"INFO","time":"2023-07-31T13:15:32.670+0800","caller":"Log_Conf/main.go:30","msg":"服务启动，开始记录日志"}
{"level":"INFO","time":"2023-07-31T13:15:32.686+0800","caller":"Log_Conf/main.go:31","msg":"dev1"}
{"level":"DEBUG","time":"2023-07-31T13:15:35.690+0800","caller":"hand/handler.go:11","msg":"在login_handler函数中，正在调用login路由"}
{"level":"INFO","time":"2023-07-31T13:15:35.690+0800","caller":"hand/handler.go:12","msg":"dev1"}
{"level":"INFO","time":"2023-07-31T13:15:35.690+0800","caller":"logger/logger.go:82","msg":"/login","status":200,"method":"GET","path":"/login","query":"","ip":"::1","user-agent":"PostmanRuntime/7.32.3","errors":"","cost":0}
{"level":"DEBUG","time":"2023-07-31T13:15:44.369+0800","caller":"hand/handler.go:11","msg":"在login_handler函数中，正在调用login路由"}
{"level":"INFO","time":"2023-07-31T13:15:44.369+0800","caller":"hand/handler.go:12","msg":"dev"}
{"level":"INFO","time":"2023-07-31T13:15:44.370+0800","caller":"logger/logger.go:82","msg":"/login","status":200,"method":"GET","path":"/login","query":"","ip":"::1","user-agent":"PostmanRuntime/7.32.3","errors":"","cost":0.0004359}
{"level":"DEBUG","time":"2023-07-31T13:15:45.171+0800","caller":"hand/handler.go:11","msg":"在login_handler函数中，正在调用login路由"}
{"level":"INFO","time":"2023-07-31T13:15:45.172+0800","caller":"hand/handler.go:12","msg":"dev"}
{"level":"INFO","time":"2023-07-31T13:15:45.172+0800","caller":"logger/logger.go:82","msg":"/login","status":200,"method":"GET","path":"/login","query":"","ip":"::1","user-agent":"PostmanRuntime/7.32.3","errors":"","cost":0.000881}
{"level":"DEBUG","time":"2023-07-31T13:15:45.954+0800","caller":"hand/handler.go:11","msg":"在login_handler函数中，正在调用login路由"}
{"level":"INFO","time":"2023-07-31T13:15:45.954+0800","caller":"hand/handler.go:12","msg":"dev"}
{"level":"INFO","time":"2023-07-31T13:15:45.954+0800","caller":"logger/logger.go:82","msg":"/login","status":200,"method":"GET","path":"/login","query":"","ip":"::1","user-agent":"PostmanRuntime/7.32.3","errors":"","cost":0}
{"level":"DEBUG","time":"2023-07-31T13:15:46.764+0800","caller":"hand/handler.go:11","msg":"在login_handler函数中，正在调用login路由"}
{"level":"INFO","time":"2023-07-31T13:15:46.764+0800","caller":"hand/handler.go:12","msg":"dev"}
{"level":"INFO","time":"2023-07-31T13:15:46.764+0800","caller":"logger/logger.go:82","msg":"/login","status":200,"method":"GET","path":"/login","query":"","ip":"::1","user-agent":"PostmanRuntime/7.32.3","errors":"","cost":0.0001039}
{"level":"DEBUG","time":"2023-07-31T13:15:47.368+0800","caller":"hand/handler.go:11","msg":"在login_handler函数中，正在调用login路由"}
{"level":"INFO","time":"2023-07-31T13:15:47.368+0800","caller":"hand/handler.go:12","msg":"dev"}
{"level":"INFO","time":"2023-07-31T13:15:47.368+0800","caller":"logger/logger.go:82","msg":"/login","status":200,"method":"GET","path":"/login","query":"","ip":"::1","user-agent":"PostmanRuntime/7.32.3","errors":"","cost":0.0006962}
{"level":"DEBUG","time":"2023-07-31T13:16:17.161+0800","caller":"hand/handler.go:11","msg":"在login_handler函数中，正在调用login路由"}
{"level":"INFO","time":"2023-07-31T13:16:17.161+0800","caller":"hand/handler.go:12","msg":"dev"}
{"level":"INFO","time":"2023-07-31T13:16:17.162+0800","caller":"logger/logger.go:82","msg":"/login","status":200,"method":"GET","path":"/login","query":"","ip":"::1","user-agent":"PostmanRuntime/7.32.3","errors":"","cost":0.0005344}
{"level":"INFO","time":"2023-07-31T13:16:39.935+0800","caller":"Log_Conf/main.go:30","msg":"服务启动，开始记录日志"}
{"level":"INFO","time":"2023-07-31T13:16:39.951+0800","caller":"Log_Conf/main.go:31","msg":"dev"}
{"level":"INFO","time":"2023-07-31T13:17:56.018+0800","caller":"Log_Conf/main.go:31","msg":"服务启动，开始记录日志"}
{"level":"INFO","time":"2023-07-31T13:17:56.038+0800","caller":"Log_Conf/main.go:32","msg":"dev"}
{"level":"DEBUG","time":"2023-07-31T13:18:10.299+0800","caller":"hand/handler.go:12","msg":"在login_handler函数中，正在调用login路由"}
{"level":"INFO","time":"2023-07-31T13:18:10.300+0800","caller":"hand/handler.go:13","msg":"dev"}
{"level":"INFO","time":"2023-07-31T13:18:10.300+0800","caller":"logger/logger.go:82","msg":"/login","status":200,"method":"GET","path":"/login","query":"","ip":"::1","user-agent":"PostmanRuntime/7.32.3","errors":"","cost":0.0009908}
{"level":"DEBUG","time":"2023-07-31T13:18:31.388+0800","caller":"hand/handler.go:12","msg":"在login_handler函数中，正在调用login路由"}
{"level":"INFO","time":"2023-07-31T13:18:31.389+0800","caller":"hand/handler.go:13","msg":"dev11"}
{"level":"INFO","time":"2023-07-31T13:18:31.389+0800","caller":"logger/logger.go:82","msg":"/login","status":200,"method":"GET","path":"/login","query":"","ip":"::1","user-agent":"PostmanRuntime/7.32.3","errors":"","cost":0.0008619}
{"level":"INFO","time":"2023-07-31T13:31:09.525+0800","caller":"Log_Conf/main.go:31","msg":"服务启动，开始记录日志"}
{"level":"INFO","time":"2023-07-31T13:31:09.542+0800","caller":"Log_Conf/main.go:32","msg":"release"}
{"level":"DEBUG","time":"2023-07-31T13:31:14.393+0800","caller":"hand/handler.go:12","msg":"在login_handler函数中，正在调用login路由"}
{"level":"INFO","time":"2023-07-31T13:31:14.393+0800","caller":"hand/handler.go:13","msg":"release"}
{"level":"INFO","time":"2023-07-31T13:31:14.393+0800","caller":"logger/logger.go:84","msg":"/login","status":200,"method":"GET","path":"/login","query":"","ip":"::1","user-agent":"PostmanRuntime/7.32.3","errors":"","cost":0}
{"level":"INFO","time":"2023-07-31T14:15:32.373+0800","caller":"Log_Conf/main.go:25","msg":"服务启动，开始记录日志"}
{"level":"INFO","time":"2023-07-31T14:15:36.151+0800","caller":"logger/logger.go:84","msg":"/login","status":200,"method":"GET","path":"/login","query":"","ip":"::1","user-agent":"PostmanRuntime/7.32.3","errors":"","cost":0}
{"level":"INFO","time":"2023-07-31T14:15:43.413+0800","caller":"logger/logger.go:84","msg":"/login","status":200,"method":"GET","path":"/login","query":"","ip":"::1","user-agent":"PostmanRuntime/7.32.3","errors":"","cost":0}
{"level":"INFO","time":"2023-07-31T14:15:44.115+0800","caller":"logger/logger.go:84","msg":"/login","status":200,"method":"GET","path":"/login","query":"","ip":"::1","user-agent":"PostmanRuntime/7.32.3","errors":"","cost":0}
{"level":"INFO","time":"2023-07-31T14:16:13.423+0800","caller":"Log_Conf/main.go:25","msg":"服务启动，开始记录日志"}
{"level":"INFO","time":"2023-07-31T14:16:17.334+0800","caller":"logger/logger.go:84","msg":"/login","status":200,"method":"GET","path":"/login","query":"","ip":"::1","user-agent":"PostmanRuntime/7.32.3","errors":"","cost":0}
{"level":"INFO","time":"2023-07-31T14:16:18.799+0800","caller":"logger/logger.go:84","msg":"/login","status":200,"method":"GET","path":"/login","query":"","ip":"::1","user-agent":"PostmanRuntime/7.32.3","errors":"","cost":0}
{"level":"INFO","time":"2023-07-31T14:16:38.460+0800","caller":"logger/logger.go:84","msg":"/login","status":200,"method":"GET","path":"/login","query":"","ip":"::1","user-agent":"PostmanRuntime/7.32.3","errors":"","cost":0}
{"level":"INFO","time":"2023-07-31T14:16:53.764+0800","caller":"Log_Conf/main.go:25","msg":"服务启动，开始记录日志"}
{"level":"INFO","time":"2023-07-31T14:16:59.115+0800","caller":"logger/logger.go:84","msg":"/login","status":200,"method":"GET","path":"/login","query":"","ip":"::1","user-agent":"PostmanRuntime/7.32.3","errors":"","cost":0}
{"level":"INFO","time":"2023-07-31T14:17:00.440+0800","caller":"logger/logger.go:84","msg":"/login","status":200,"method":"GET","path":"/login","query":"","ip":"::1","user-agent":"PostmanRuntime/7.32.3","errors":"","cost":0}
{"level":"INFO","time":"2023-07-31T14:17:19.376+0800","caller":"Log_Conf/main.go:25","msg":"服务启动，开始记录日志"}
{"level":"INFO","time":"2023-07-31T14:17:22.544+0800","caller":"logger/logger.go:84","msg":"/login","status":200,"method":"GET","path":"/login","query":"","ip":"::1","user-agent":"PostmanRuntime/7.32.3","errors":"","cost":0}
{"level":"INFO","time":"2023-07-31T14:17:23.204+0800","caller":"logger/logger.go:84","msg":"/login","status":200,"method":"GET","path":"/login","query":"","ip":"::1","user-agent":"PostmanRuntime/7.32.3","errors":"","cost":0}
{"level":"INFO","time":"2023-07-31T14:17:32.515+0800","caller":"logger/logger.go:84","msg":"/login","status":200,"method":"GET","path":"/login","query":"","ip":"::1","user-agent":"PostmanRuntime/7.32.3","errors":"","cost":0}
{"level":"INFO","time":"2023-07-31T14:17:33.196+0800","caller":"logger/logger.go:84","msg":"/login","status":200,"method":"GET","path":"/login","query":"","ip":"::1","user-agent":"PostmanRuntime/7.32.3","errors":"","cost":0}
