{"level":"INFO","time":"2023-08-01T14:07:25.260+0800","caller":"cmd/main.go:26","msg":"服务启动，开始记录日志"}
{"level":"DEBUG","time":"2023-08-01T14:07:25.274+0800","caller":"discovery/register.go:65","msg":"put key: user val: 127.0.0.1:9000 success"}
{"level":"DEBUG","time":"2023-08-01T14:07:25.276+0800","caller":"discovery/register.go:80","msg":"user收到续租响应，续租成功 2023-08-01 14:07:25"}
{"level":"DEBUG","time":"2023-08-01T14:07:27.277+0800","caller":"discovery/register.go:80","msg":"user收到续租响应，续租成功 2023-08-01 14:07:27"}
{"level":"DEBUG","time":"2023-08-01T14:07:29.280+0800","caller":"discovery/register.go:80","msg":"user收到续租响应，续租成功 2023-08-01 14:07:29"}
{"level":"DEBUG","time":"2023-08-01T14:07:31.282+0800","caller":"discovery/register.go:80","msg":"user收到续租响应，续租成功 2023-08-01 14:07:31"}
{"level":"DEBUG","time":"2023-08-01T14:07:33.285+0800","caller":"discovery/register.go:80","msg":"user收到续租响应，续租成功 2023-08-01 14:07:33"}
{"level":"DEBUG","time":"2023-08-01T14:07:35.288+0800","caller":"discovery/register.go:80","msg":"user收到续租响应，续租成功 2023-08-01 14:07:35"}
{"level":"DEBUG","time":"2023-08-01T14:07:37.292+0800","caller":"discovery/register.go:80","msg":"user收到续租响应，续租成功 2023-08-01 14:07:37"}
{"level":"DEBUG","time":"2023-08-01T14:07:39.294+0800","caller":"discovery/register.go:80","msg":"user收到续租响应，续租成功 2023-08-01 14:07:39"}
{"level":"DEBUG","time":"2023-08-01T14:07:41.297+0800","caller":"discovery/register.go:80","msg":"user收到续租响应，续租成功 2023-08-01 14:07:41"}
{"level":"DEBUG","time":"2023-08-01T14:07:43.300+0800","caller":"discovery/register.go:80","msg":"user收到续租响应，续租成功 2023-08-01 14:07:43"}
{"level":"DEBUG","time":"2023-08-01T14:07:45.303+0800","caller":"discovery/register.go:80","msg":"user收到续租响应，续租成功 2023-08-01 14:07:45"}
{"level":"DEBUG","time":"2023-08-01T14:07:47.306+0800","caller":"discovery/register.go:80","msg":"user收到续租响应，续租成功 2023-08-01 14:07:47"}
{"level":"DEBUG","time":"2023-08-01T14:07:49.309+0800","caller":"discovery/register.go:80","msg":"user收到续租响应，续租成功 2023-08-01 14:07:49"}
{"level":"DEBUG","time":"2023-08-01T14:07:51.312+0800","caller":"discovery/register.go:80","msg":"user收到续租响应，续租成功 2023-08-01 14:07:51"}
{"level":"DEBUG","time":"2023-08-01T14:07:53.314+0800","caller":"discovery/register.go:80","msg":"user收到续租响应，续租成功 2023-08-01 14:07:53"}
{"level":"DEBUG","time":"2023-08-01T14:07:55.317+0800","caller":"discovery/register.go:80","msg":"user收到续租响应，续租成功 2023-08-01 14:07:55"}
{"level":"DEBUG","time":"2023-08-01T14:07:57.321+0800","caller":"discovery/register.go:80","msg":"user收到续租响应，续租成功 2023-08-01 14:07:57"}
{"level":"DEBUG","time":"2023-08-01T14:07:59.323+0800","caller":"discovery/register.go:80","msg":"user收到续租响应，续租成功 2023-08-01 14:07:59"}
{"level":"DEBUG","time":"2023-08-01T14:08:01.326+0800","caller":"discovery/register.go:80","msg":"user收到续租响应，续租成功 2023-08-01 14:08:01"}
{"level":"DEBUG","time":"2023-08-01T14:08:03.329+0800","caller":"discovery/register.go:80","msg":"user收到续租响应，续租成功 2023-08-01 14:08:03"}
{"level":"DEBUG","time":"2023-08-01T14:08:05.331+0800","caller":"discovery/register.go:80","msg":"user收到续租响应，续租成功 2023-08-01 14:08:05"}
{"level":"DEBUG","time":"2023-08-01T14:08:07.334+0800","caller":"discovery/register.go:80","msg":"user收到续租响应，续租成功 2023-08-01 14:08:07"}
{"level":"DEBUG","time":"2023-08-01T14:08:09.338+0800","caller":"discovery/register.go:80","msg":"user收到续租响应，续租成功 2023-08-01 14:08:09"}
{"level":"DEBUG","time":"2023-08-01T14:08:11.340+0800","caller":"discovery/register.go:80","msg":"user收到续租响应，续租成功 2023-08-01 14:08:11"}
{"level":"DEBUG","time":"2023-08-01T14:08:13.342+0800","caller":"discovery/register.go:80","msg":"user收到续租响应，续租成功 2023-08-01 14:08:13"}
{"level":"DEBUG","time":"2023-08-01T14:08:15.344+0800","caller":"discovery/register.go:80","msg":"user收到续租响应，续租成功 2023-08-01 14:08:15"}
{"level":"DEBUG","time":"2023-08-01T14:08:17.348+0800","caller":"discovery/register.go:80","msg":"user收到续租响应，续租成功 2023-08-01 14:08:17"}
{"level":"DEBUG","time":"2023-08-01T14:08:19.349+0800","caller":"discovery/register.go:80","msg":"user收到续租响应，续租成功 2023-08-01 14:08:19"}
{"level":"DEBUG","time":"2023-08-01T14:08:21.352+0800","caller":"discovery/register.go:80","msg":"user收到续租响应，续租成功 2023-08-01 14:08:21"}
{"level":"DEBUG","time":"2023-08-01T14:08:23.356+0800","caller":"discovery/register.go:80","msg":"user收到续租响应，续租成功 2023-08-01 14:08:23"}
{"level":"DEBUG","time":"2023-08-01T14:08:25.359+0800","caller":"discovery/register.go:80","msg":"user收到续租响应，续租成功 2023-08-01 14:08:25"}
{"level":"DEBUG","time":"2023-08-01T14:08:27.363+0800","caller":"discovery/register.go:80","msg":"user收到续租响应，续租成功 2023-08-01 14:08:27"}
{"level":"DEBUG","time":"2023-08-01T14:08:29.365+0800","caller":"discovery/register.go:80","msg":"user收到续租响应，续租成功 2023-08-01 14:08:29"}
{"level":"DEBUG","time":"2023-08-01T14:08:31.367+0800","caller":"discovery/register.go:80","msg":"user收到续租响应，续租成功 2023-08-01 14:08:31"}
{"level":"DEBUG","time":"2023-08-01T14:08:33.369+0800","caller":"discovery/register.go:80","msg":"user收到续租响应，续租成功 2023-08-01 14:08:33"}
{"level":"DEBUG","time":"2023-08-01T14:08:35.372+0800","caller":"discovery/register.go:80","msg":"user收到续租响应，续租成功 2023-08-01 14:08:35"}
{"level":"DEBUG","time":"2023-08-01T14:08:37.375+0800","caller":"discovery/register.go:80","msg":"user收到续租响应，续租成功 2023-08-01 14:08:37"}
{"level":"DEBUG","time":"2023-08-01T14:08:39.376+0800","caller":"discovery/register.go:80","msg":"user收到续租响应，续租成功 2023-08-01 14:08:39"}
{"level":"DEBUG","time":"2023-08-01T14:08:41.378+0800","caller":"discovery/register.go:80","msg":"user收到续租响应，续租成功 2023-08-01 14:08:41"}
{"level":"DEBUG","time":"2023-08-01T14:08:43.381+0800","caller":"discovery/register.go:80","msg":"user收到续租响应，续租成功 2023-08-01 14:08:43"}
{"level":"DEBUG","time":"2023-08-01T14:08:45.383+0800","caller":"discovery/register.go:80","msg":"user收到续租响应，续租成功 2023-08-01 14:08:45"}
{"level":"DEBUG","time":"2023-08-01T14:08:47.385+0800","caller":"discovery/register.go:80","msg":"user收到续租响应，续租成功 2023-08-01 14:08:47"}
{"level":"DEBUG","time":"2023-08-01T14:08:49.388+0800","caller":"discovery/register.go:80","msg":"user收到续租响应，续租成功 2023-08-01 14:08:49"}
{"level":"DEBUG","time":"2023-08-01T14:08:51.391+0800","caller":"discovery/register.go:80","msg":"user收到续租响应，续租成功 2023-08-01 14:08:51"}
{"level":"DEBUG","time":"2023-08-01T14:08:53.393+0800","caller":"discovery/register.go:80","msg":"user收到续租响应，续租成功 2023-08-01 14:08:53"}
{"level":"DEBUG","time":"2023-08-01T14:08:55.396+0800","caller":"discovery/register.go:80","msg":"user收到续租响应，续租成功 2023-08-01 14:08:55"}
{"level":"DEBUG","time":"2023-08-01T14:08:57.397+0800","caller":"discovery/register.go:80","msg":"user收到续租响应，续租成功 2023-08-01 14:08:57"}
{"level":"DEBUG","time":"2023-08-01T14:08:59.400+0800","caller":"discovery/register.go:80","msg":"user收到续租响应，续租成功 2023-08-01 14:08:59"}
{"level":"DEBUG","time":"2023-08-01T14:09:01.403+0800","caller":"discovery/register.go:80","msg":"user收到续租响应，续租成功 2023-08-01 14:09:01"}
{"level":"DEBUG","time":"2023-08-01T14:09:03.406+0800","caller":"discovery/register.go:80","msg":"user收到续租响应，续租成功 2023-08-01 14:09:03"}
{"level":"DEBUG","time":"2023-08-01T14:09:05.409+0800","caller":"discovery/register.go:80","msg":"user收到续租响应，续租成功 2023-08-01 14:09:05"}
{"level":"DEBUG","time":"2023-08-01T14:09:07.411+0800","caller":"discovery/register.go:80","msg":"user收到续租响应，续租成功 2023-08-01 14:09:07"}
{"level":"DEBUG","time":"2023-08-01T14:09:09.414+0800","caller":"discovery/register.go:80","msg":"user收到续租响应，续租成功 2023-08-01 14:09:09"}
{"level":"DEBUG","time":"2023-08-01T14:09:11.417+0800","caller":"discovery/register.go:80","msg":"user收到续租响应，续租成功 2023-08-01 14:09:11"}
{"level":"DEBUG","time":"2023-08-01T14:09:13.420+0800","caller":"discovery/register.go:80","msg":"user收到续租响应，续租成功 2023-08-01 14:09:13"}
{"level":"DEBUG","time":"2023-08-01T14:09:15.423+0800","caller":"discovery/register.go:80","msg":"user收到续租响应，续租成功 2023-08-01 14:09:15"}
{"level":"DEBUG","time":"2023-08-01T14:09:17.426+0800","caller":"discovery/register.go:80","msg":"user收到续租响应，续租成功 2023-08-01 14:09:17"}
{"level":"DEBUG","time":"2023-08-01T14:09:19.429+0800","caller":"discovery/register.go:80","msg":"user收到续租响应，续租成功 2023-08-01 14:09:19"}
{"level":"DEBUG","time":"2023-08-01T14:09:21.433+0800","caller":"discovery/register.go:80","msg":"user收到续租响应，续租成功 2023-08-01 14:09:21"}
{"level":"DEBUG","time":"2023-08-01T14:09:23.435+0800","caller":"discovery/register.go:80","msg":"user收到续租响应，续租成功 2023-08-01 14:09:23"}
{"level":"INFO","time":"2023-08-01T15:20:07.152+0800","caller":"cmd/main.go:27","msg":"服务启动，开始记录日志"}
{"level":"ERROR","time":"2023-08-01T15:21:03.389+0800","caller":"registry/registry.go:35","msg":"注册服务绑定租约失败context deadline exceeded"}
{"level":"ERROR","time":"2023-08-01T15:21:07.041+0800","caller":"registry/server.go:40","msg":"user注册失败context deadline exceeded"}
{"level":"INFO","time":"2023-08-01T15:26:21.005+0800","caller":"cmd/main.go:27","msg":"服务启动，开始记录日志"}
{"level":"INFO","time":"2023-08-01T15:26:42.206+0800","caller":"cmd/main.go:27","msg":"服务启动，开始记录日志"}
{"level":"INFO","time":"2023-08-01T15:27:52.605+0800","caller":"cmd/main.go:27","msg":"服务启动，开始记录日志"}
{"level":"ERROR","time":"2023-08-01T15:29:26.556+0800","caller":"registry/registry.go:39","msg":"注册服务绑定租约失败context deadline exceeded"}
{"level":"ERROR","time":"2023-08-01T15:29:31.088+0800","caller":"registry/server.go:40","msg":"user注册失败context deadline exceeded"}
{"level":"INFO","time":"2023-08-01T15:31:29.101+0800","caller":"cmd/main.go:27","msg":"服务启动，开始记录日志"}
{"level":"INFO","time":"2023-08-01T15:32:37.534+0800","caller":"cmd/main.go:27","msg":"服务启动，开始记录日志"}
{"level":"INFO","time":"2023-08-01T15:33:23.654+0800","caller":"cmd/main.go:27","msg":"服务启动，开始记录日志"}
{"level":"INFO","time":"2023-08-01T15:33:44.106+0800","caller":"cmd/main.go:27","msg":"服务启动，开始记录日志"}
{"level":"INFO","time":"2023-08-01T15:33:49.549+0800","caller":"registry/registry.go:42","msg":"注册服务绑定租约成功"}
{"level":"INFO","time":"2023-08-01T15:34:02.142+0800","caller":"registry/server.go:45","msg":"put key: user val: 127.0.0.1:9000 success"}
{"level":"INFO","time":"2023-08-01T15:51:34.666+0800","caller":"cmd/main.go:27","msg":"服务启动，开始记录日志"}
{"level":"INFO","time":"2023-08-01T15:51:34.675+0800","caller":"registry/registry.go:42","msg":"put key: user val: 127.0.0.1:9000 success"}
{"level":"INFO","time":"2023-08-01T15:51:51.776+0800","caller":"cmd/main.go:27","msg":"服务启动，开始记录日志"}
{"level":"INFO","time":"2023-08-01T15:51:51.792+0800","caller":"registry/registry.go:42","msg":"put key: user val: 127.0.0.1:9000 success"}
{"level":"INFO","time":"2023-08-01T15:52:38.154+0800","caller":"cmd/main.go:27","msg":"服务启动，开始记录日志"}
{"level":"INFO","time":"2023-08-01T15:52:38.171+0800","caller":"registry/registry.go:42","msg":"put key: user val: 127.0.0.1:9000 success"}
{"level":"INFO","time":"2023-08-01T15:53:11.706+0800","caller":"cmd/main.go:27","msg":"服务启动，开始记录日志"}
{"level":"INFO","time":"2023-08-01T15:53:11.716+0800","caller":"registry/registry.go:42","msg":"put key: user val: 127.0.0.1:9000 success"}
